# JRE version: OpenJDK Runtime Environment Temurin-21.0.10+7 (21.0.10+7) (build 21.0.10+7-LTS)
# Java VM: OpenJDK 64-Bit Server VM Temurin-21.0.10+7 (21.0.10+7-LTS, mixed mode, sharing, tiered, compressed oops, compressed class ptrs, parallel gc, linux-amd64)
Heap:
 PSYoungGen      total 22528K, used 21930K [0x00000007aab00000, 0x00000007ac300000, 0x0000000800000000)
  eden space 22016K, 99% used [0x00000007aab00000,0x00000007ac05a9d0,0x00000007ac080000)
  from space 512K, 12% used [0x00000007ac280000,0x00000007ac290000,0x00000007ac300000)
  to   space 512K, 0% used [0x00000007ac200000,0x00000007ac200000,0x00000007ac280000)
 ParOldGen       total 68608K, used 26082K [0x0000000700000000, 0x0000000704300000, 0x00000007aab00000)
  object space 68608K, 38% used [0x0000000700000000,0x00000007019789d0,0x0000000704300000)
 Metaspace       used 15360K, committed 16064K, reserved 1114112K
  class space    used 1389K, committed 1664K, reserved 1048576K
GC Heap History (20 events):
Event: 3.881 GC heap before
{Heap before GC invocations=9 (full 0):
 PSYoungGen      total 27648K, used 27286K [0x00000007aab00000, 0x00000007ace00000, 0x0000000800000000)
  eden space 23552K, 100% used [0x00000007aab00000,0x00000007ac200000,0x00000007ac200000)
  from space 4096K, 91% used [0x00000007aca00000,0x00000007acda5a40,0x00000007ace00000)
  to   space 5120K, 0% used [0x00000007ac400000,0x00000007ac400000,0x00000007ac900000)
 ParOldGen       total 68608K, used 11620K [0x0000000700000000, 0x0000000704300000, 0x00000007aab00000)
  object space 68608K, 16% used [0x0000000700000000,0x0000000700b59360,0x0000000704300000)
 Metaspace       used 11165K, committed 11712K, reserved 1114112K
  class space    used 978K, committed 1216K, reserved 1048576K
}
Event: 3.885 GC heap after
{Heap after GC invocations=9 (full 0):
 PSYoungGen      total 27136K, used 3893K [0x00000007aab00000, 0x00000007aca80000, 0x0000000800000000)
  eden space 23040K, 0% used [0x00000007aab00000,0x00000007aab00000,0x00000007ac180000)
  from space 4096K, 95% used [0x00000007ac400000,0x00000007ac7cd778,0x00000007ac800000)
  to   space 2560K, 0% used [0x00000007ac800000,0x00000007ac800000,0x00000007aca80000)
 ParOldGen       total 68608K, used 13597K [0x0000000700000000, 0x0000000704300000, 0x00000007aab00000)
  object space 68608K, 19% used [0x0000000700000000,0x0000000700d477f0,0x0000000704300000)
 Metaspace       used 11165K, committed 11712K, reserved 1114112K
  class space    used 978K, committed 1216K, reserved 1048576K
}
Event: 4.075 GC heap before
{Heap before GC invocations=10 (full 0):
 PSYoungGen      total 27136K, used 26933K [0x00000007aab00000, 0x00000007aca80000, 0x0000000800000000)
  eden space 23040K, 100% used [0x00000007aab00000,0x00000007ac180000,0x00000007ac180000)
  from space 4096K, 95% used [0x00000007ac400000,0x00000007ac7cd778,0x00000007ac800000)
  to   space 2560K, 0% used [0x00000007ac800000,0x00000007ac800000,0x00000007aca80000)
 ParOldGen       total 68608K, used 13597K [0x0000000700000000, 0x0000000704300000, 0x00000007aab00000)
  object space 68608K, 19% used [0x0000000700000000,0x0000000700d477f0,0x0000000704300000)
 Metaspace       used 11774K, committed 12352K, reserved 1114112K
  class space    used 1028K, committed 1280K, reserved 1048576K
}
Event: 4.080 GC heap after
{Heap after GC invocations=10 (full 0):
 PSYoungGen      total 25088K, used 2540K [0x00000007aab00000, 0x00000007acd00000, 0x0000000800000000)
  eden space 22528K, 0% used [0x00000007aab00000,0x00000007aab00000,0x00000007ac100000)
  from space 2560K, 99% used [0x00000007ac800000,0x00000007aca7b338,0x00000007aca80000)
  to   space 6144K, 0% used [0x00000007ac100000,0x00000007ac100000,0x00000007ac700000)
 ParOldGen       total 68608K, used 16477K [0x0000000700000000, 0x0000000704300000, 0x00000007aab00000)
  object space 68608K, 24% used [0x0000000700000000,0x00000007010176d0,0x0000000704300000)
 Metaspace       used 11774K, committed 12352K, reserved 1114112K
  class space    used 1028K, committed 1280K, reserved 1048576K
}
Event: 4.205 GC heap before
{Heap before GC invocations=11 (full 0):
 PSYoungGen      total 25088K, used 25068K [0x00000007aab00000, 0x00000007acd00000, 0x0000000800000000)
  eden space 22528K, 100% used [0x00000007aab00000,0x00000007ac100000,0x00000007ac100000)
  from space 2560K, 99% used [0x00000007ac800000,0x00000007aca7b338,0x00000007aca80000)
  to   space 6144K, 0% used [0x00000007ac100000,0x00000007ac100000,0x00000007ac700000)
 ParOldGen       total 68608K, used 16477K [0x0000000700000000, 0x0000000704300000, 0x00000007aab00000)
  object space 68608K, 24% used [0x0000000700000000,0x00000007010176d0,0x0000000704300000)
 Metaspace       used 12093K, committed 12736K, reserved 1114112K
  class space    used 1068K, committed 1344K, reserved 1048576K
}
Event: 4.217 GC heap after
{Heap after GC invocations=11 (full 0):
 PSYoungGen      total 24576K, used 2215K [0x00000007aab00000, 0x00000007ac880000, 0x0000000800000000)
  eden space 22016K, 0% used [0x00000007aab00000,0x00000007aab00000,0x00000007ac080000)
  from space 2560K, 86% used [0x00000007ac100000,0x00000007ac329ce0,0x00000007ac380000)
  to   space 3584K, 0% used [0x00000007ac500000,0x00000007ac500000,0x00000007ac880000)
 ParOldGen       total 68608K, used 19008K [0x0000000700000000, 0x0000000704300000, 0x00000007aab00000)
  object space 68608K, 27% used [0x0000000700000000,0x0000000701290180,0x0000000704300000)
 Metaspace       used 12093K, committed 12736K, reserved 1114112K
  class space    used 1068K, committed 1344K, reserved 1048576K
}
Event: 4.337 GC heap before
{Heap before GC invocations=12 (full 0):
 PSYoungGen      total 24576K, used 24231K [0x00000007aab00000, 0x00000007ac880000, 0x0000000800000000)
  eden space 22016K, 100% used [0x00000007aab00000,0x00000007ac080000,0x00000007ac080000)
  from space 2560K, 86% used [0x00000007ac100000,0x00000007ac329ce0,0x00000007ac380000)
  to   space 3584K, 0% used [0x00000007ac500000,0x00000007ac500000,0x00000007ac880000)
 ParOldGen       total 68608K, used 19009K [0x0000000700000000, 0x0000000704300000, 0x00000007aab00000)
  object space 68608K, 27% used [0x0000000700000000,0x0000000701290598,0x0000000704300000)
 Metaspace       used 12369K, committed 13056K, reserved 1114112K
  class space    used 1099K, committed 1408K, reserved 1048576K
}
Event: 4.341 GC heap after
{Heap after GC invocations=12 (full 0):
 PSYoungGen      total 23552K, used 1376K [0x00000007aab00000, 0x00000007ac680000, 0x0000000800000000)
  eden space 22016K, 0% used [0x00000007aab00000,0x00000007aab00000,0x00000007ac080000)
  from space 1536K, 89% used [0x00000007ac500000,0x00000007ac658350,0x00000007ac680000)
  to   space 2048K, 0% used [0x00000007ac280000,0x00000007ac280000,0x00000007ac480000)
 ParOldGen       total 68608K, used 21086K [0x0000000700000000, 0x0000000704300000, 0x00000007aab00000)
  object space 68608K, 30% used [0x0000000700000000,0x0000000701497b88,0x0000000704300000)
 Metaspace       used 12369K, committed 13056K, reserved 1114112K
  class space    used 1099K, committed 1408K, reserved 1048576K
}
Event: 4.563 GC heap before
{Heap before GC invocations=13 (full 0):
 PSYoungGen      total 23552K, used 23392K [0x00000007aab00000, 0x00000007ac680000, 0x0000000800000000)
  eden space 22016K, 100% used [0x00000007aab00000,0x00000007ac080000,0x00000007ac080000)
  from space 1536K, 89% used [0x00000007ac500000,0x00000007ac658350,0x00000007ac680000)
  to   space 2048K, 0% used [0x00000007ac280000,0x00000007ac280000,0x00000007ac480000)
 ParOldGen       total 68608K, used 21089K [0x0000000700000000, 0x0000000704300000, 0x00000007aab00000)
  object space 68608K, 30% used [0x0000000700000000,0x0000000701498750,0x0000000704300000)
 Metaspace       used 12801K, committed 13504K, reserved 1114112K
  class space    used 1123K, committed 1408K, reserved 1048576K
}
Event: 4.581 GC heap after
{Heap after GC invocations=13 (full 0):
 PSYoungGen      total 23040K, used 736K [0x00000007aab00000, 0x00000007ac580000, 0x0000000800000000)
  eden space 22016K, 0% used [0x00000007aab00000,0x00000007aab00000,0x00000007ac080000)
  from space 1024K, 71% used [0x00000007ac280000,0x00000007ac338000,0x00000007ac380000)
  to   space 1536K, 0% used [0x00000007ac400000,0x00000007ac400000,0x00000007ac580000)
 ParOldGen       total 68608K, used 21809K [0x0000000700000000, 0x0000000704300000, 0x00000007aab00000)
  object space 68608K, 31% used [0x0000000700000000,0x000000070154c760,0x0000000704300000)
 Metaspace       used 12801K, committed 13504K, reserved 1114112K
  class space    used 1123K, committed 1408K, reserved 1048576K
}
Event: 4.743 GC heap before
{Heap before GC invocations=14 (full 0):
 PSYoungGen      total 23040K, used 22752K [0x00000007aab00000, 0x00000007ac580000, 0x0000000800000000)
  eden space 22016K, 100% used [0x00000007aab00000,0x00000007ac080000,0x00000007ac080000)
  from space 1024K, 71% used [0x00000007ac280000,0x00000007ac338000,0x00000007ac380000)
  to   space 1536K, 0% used [0x00000007ac400000,0x00000007ac400000,0x00000007ac580000)
 ParOldGen       total 68608K, used 21809K [0x0000000700000000, 0x0000000704300000, 0x00000007aab00000)
  object space 68608K, 31% used [0x0000000700000000,0x000000070154c760,0x0000000704300000)
 Metaspace       used 13132K, committed 13760K, reserved 1114112K
  class space    used 1146K, committed 1408K, reserved 1048576K
}
Event: 4.746 GC heap after
{Heap after GC invocations=14 (full 0):
 PSYoungGen      total 23040K, used 770K [0x00000007aab00000, 0x00000007ac500000, 0x0000000800000000)
  eden space 22016K, 0% used [0x00000007aab00000,0x00000007aab00000,0x00000007ac080000)
  from space 1024K, 75% used [0x00000007ac400000,0x00000007ac4c0a10,0x00000007ac500000)
  to   space 1024K, 0% used [0x00000007ac280000,0x00000007ac280000,0x00000007ac380000)
 ParOldGen       total 68608K, used 22417K [0x0000000700000000, 0x0000000704300000, 0x00000007aab00000)
  object space 68608K, 32% used [0x0000000700000000,0x00000007015e4760,0x0000000704300000)
 Metaspace       used 13132K, committed 13760K, reserved 1114112K
  class space    used 1146K, committed 1408K, reserved 1048576K
}
Event: 4.958 GC heap before
{Heap before GC invocations=15 (full 0):
 PSYoungGen      total 23040K, used 22786K [0x00000007aab00000, 0x00000007ac500000, 0x0000000800000000)
  eden space 22016K, 100% used [0x00000007aab00000,0x00000007ac080000,0x00000007ac080000)
  from space 1024K, 75% used [0x00000007ac400000,0x00000007ac4c0a10,0x00000007ac500000)
  to   space 1024K, 0% used [0x00000007ac280000,0x00000007ac280000,0x00000007ac380000)
 ParOldGen       total 68608K, used 22417K [0x0000000700000000, 0x0000000704300000, 0x00000007aab00000)
  object space 68608K, 32% used [0x0000000700000000,0x00000007015e4760,0x0000000704300000)
 Metaspace       used 13444K, committed 14144K, reserved 1114112K
  class space    used 1169K, committed 1472K, reserved 1048576K
}
Event: 4.961 GC heap after
{Heap after GC invocations=15 (full 0):
 PSYoungGen      total 23040K, used 1024K [0x00000007aab00000, 0x00000007ac480000, 0x0000000800000000)
  eden space 22016K, 0% used [0x00000007aab00000,0x00000007aab00000,0x00000007ac080000)
  from space 1024K, 100% used [0x00000007ac280000,0x00000007ac380000,0x00000007ac380000)
  to   space 1024K, 0% used [0x00000007ac380000,0x00000007ac380000,0x00000007ac480000)
 ParOldGen       total 68608K, used 23193K [0x0000000700000000, 0x0000000704300000, 0x00000007aab00000)
  object space 68608K, 33% used [0x0000000700000000,0x00000007016a6760,0x0000000704300000)
 Metaspace       used 13444K, committed 14144K, reserved 1114112K
  class space    used 1169K, committed 1472K, reserved 1048576K
}
Event: 5.309 GC heap before
{Heap before GC invocations=16 (full 0):
 PSYoungGen      total 23040K, used 23040K [0x00000007aab00000, 0x00000007ac480000, 0x0000000800000000)
  eden space 22016K, 100% used [0x00000007aab00000,0x00000007ac080000,0x00000007ac080000)
  from space 1024K, 100% used [0x00000007ac280000,0x00000007ac380000,0x00000007ac380000)
  to   space 1024K, 0% used [0x00000007ac380000,0x00000007ac380000,0x00000007ac480000)
 ParOldGen       total 68608K, used 23193K [0x0000000700000000, 0x0000000704300000, 0x00000007aab00000)
  object space 68608K, 33% used [0x0000000700000000,0x00000007016a6760,0x0000000704300000)
 Metaspace       used 14591K, committed 15296K, reserved 1114112K
  class space    used 1315K, committed 1600K, reserved 1048576K
}
Event: 5.313 GC heap after
{Heap after GC invocations=16 (full 0):
 PSYoungGen      total 23040K, used 1019K [0x00000007aab00000, 0x00000007ac580000, 0x0000000800000000)
  eden space 22016K, 0% used [0x00000007aab00000,0x00000007aab00000,0x00000007ac080000)
  from space 1024K, 99% used [0x00000007ac380000,0x00000007ac47ee98,0x00000007ac480000)
  to   space 2560K, 0% used [0x00000007ac080000,0x00000007ac080000,0x00000007ac300000)
 ParOldGen       total 68608K, used 24396K [0x0000000700000000, 0x0000000704300000, 0x00000007aab00000)
  object space 68608K, 35% used [0x0000000700000000,0x00000007017d3118,0x0000000704300000)
 Metaspace       used 14591K, committed 15296K, reserved 1114112K
  class space    used 1315K, committed 1600K, reserved 1048576K
}
Event: 5.617 GC heap before
{Heap before GC invocations=17 (full 0):
 PSYoungGen      total 23040K, used 23035K [0x00000007aab00000, 0x00000007ac580000, 0x0000000800000000)
  eden space 22016K, 99% used [0x00000007aab00000,0x00000007ac07fff8,0x00000007ac080000)
  from space 1024K, 99% used [0x00000007ac380000,0x00000007ac47ee98,0x00000007ac480000)
  to   space 2560K, 0% used [0x00000007ac080000,0x00000007ac080000,0x00000007ac300000)
 ParOldGen       total 68608K, used 24396K [0x0000000700000000, 0x0000000704300000, 0x00000007aab00000)
  object space 68608K, 35% used [0x0000000700000000,0x00000007017d3118,0x0000000704300000)
 Metaspace       used 15088K, committed 15808K, reserved 1114112K
  class space    used 1361K, committed 1664K, reserved 1048576K
}
Event: 5.620 GC heap after
{Heap after GC invocations=17 (full 0):
 PSYoungGen      total 23040K, used 704K [0x00000007aab00000, 0x00000007ac400000, 0x0000000800000000)
  eden space 22016K, 0% used [0x00000007aab00000,0x00000007aab00000,0x00000007ac080000)
  from space 1024K, 68% used [0x00000007ac080000,0x00000007ac130010,0x00000007ac180000)
  to   space 1536K, 0% used [0x00000007ac280000,0x00000007ac280000,0x00000007ac400000)
 ParOldGen       total 68608K, used 25415K [0x0000000700000000, 0x0000000704300000, 0x00000007aab00000)
  object space 68608K, 37% used [0x0000000700000000,0x00000007018d1fd0,0x0000000704300000)
 Metaspace       used 15088K, committed 15808K, reserved 1114112K
  class space    used 1361K, committed 1664K, reserved 1048576K
}
Event: 5.752 GC heap before
{Heap before GC invocations=18 (full 0):
 PSYoungGen      total 23040K, used 22719K [0x00000007aab00000, 0x00000007ac400000, 0x0000000800000000)
  eden space 22016K, 99% used [0x00000007aab00000,0x00000007ac07ffd8,0x00000007ac080000)
  from space 1024K, 68% used [0x00000007ac080000,0x00000007ac130010,0x00000007ac180000)
  to   space 1536K, 0% used [0x00000007ac280000,0x00000007ac280000,0x00000007ac400000)
 ParOldGen       total 68608K, used 25415K [0x0000000700000000, 0x0000000704300000, 0x00000007aab00000)
  object space 68608K, 37% used [0x0000000700000000,0x00000007018d1fd0,0x0000000704300000)
 Metaspace       used 15111K, committed 15808K, reserved 1114112K
  class space    used 1361K, committed 1664K, reserved 1048576K
}
Event: 5.755 GC heap after
{Heap after GC invocations=18 (full 0):
 PSYoungGen      total 22528K, used 64K [0x00000007aab00000, 0x00000007ac300000, 0x0000000800000000)
  eden space 22016K, 0% used [0x00000007aab00000,0x00000007aab00000,0x00000007ac080000)
  from space 512K, 12% used [0x00000007ac280000,0x00000007ac290000,0x00000007ac300000)
  to   space 512K, 0% used [0x00000007ac200000,0x00000007ac200000,0x00000007ac280000)
 ParOldGen       total 68608K, used 26082K [0x0000000700000000, 0x0000000704300000, 0x00000007aab00000)
  object space 68608K, 38% used [0x0000000700000000,0x00000007019789d0,0x0000000704300000)
 Metaspace       used 15111K, committed 15808K, reserved 1114112K
  class space    used 1361K, committed 1664K, reserved 1048576K
}

