# JRE version: OpenJDK Runtime Environment Temurin-21.0.10+7 (21.0.10+7) (build 21.0.10+7-LTS)
# Java VM: OpenJDK 64-Bit Server VM Temurin-21.0.10+7 (21.0.10+7-LTS, mixed mode, sharing, tiered, compressed oops, compressed class ptrs, parallel gc, linux-amd64)
Heap:
 PSYoungGen      total 22528K, used 16977K [0x00000007aab00000, 0x00000007ac300000, 0x0000000800000000)
  eden space 22016K, 76% used [0x00000007aab00000,0x00000007abb84460,0x00000007ac080000)
  from space 512K, 12% used [0x00000007ac280000,0x00000007ac290000,0x00000007ac300000)
  to   space 512K, 0% used [0x00000007ac200000,0x00000007ac200000,0x00000007ac280000)
 ParOldGen       total 68608K, used 26550K [0x0000000700000000, 0x0000000704300000, 0x00000007aab00000)
  object space 68608K, 38% used [0x0000000700000000,0x00000007019eda00,0x0000000704300000)
 Metaspace       used 15320K, committed 16064K, reserved 1114112K
  class space    used 1384K, committed 1664K, reserved 1048576K
GC Heap History (20 events):
Event: 3.425 GC heap before
{Heap before GC invocations=9 (full 0):
 PSYoungGen      total 27136K, used 27111K [0x00000007aab00000, 0x00000007ace00000, 0x0000000800000000)
  eden space 23552K, 100% used [0x00000007aab00000,0x00000007ac200000,0x00000007ac200000)
  from space 3584K, 99% used [0x00000007aca80000,0x00000007acdf9d28,0x00000007ace00000)
  to   space 5120K, 0% used [0x00000007ac400000,0x00000007ac400000,0x00000007ac900000)
 ParOldGen       total 68608K, used 11932K [0x0000000700000000, 0x0000000704300000, 0x00000007aab00000)
  object space 68608K, 17% used [0x0000000700000000,0x0000000700ba7100,0x0000000704300000)
 Metaspace       used 11206K, committed 11776K, reserved 1114112K
  class space    used 978K, committed 1216K, reserved 1048576K
}
Event: 3.429 GC heap after
{Heap after GC invocations=9 (full 0):
 PSYoungGen      total 27136K, used 3988K [0x00000007aab00000, 0x00000007acb00000, 0x0000000800000000)
  eden space 23040K, 0% used [0x00000007aab00000,0x00000007aab00000,0x00000007ac180000)
  from space 4096K, 97% used [0x00000007ac400000,0x00000007ac7e5048,0x00000007ac800000)
  to   space 3072K, 0% used [0x00000007ac800000,0x00000007ac800000,0x00000007acb00000)
 ParOldGen       total 68608K, used 13715K [0x0000000700000000, 0x0000000704300000, 0x00000007aab00000)
  object space 68608K, 19% used [0x0000000700000000,0x0000000700d64ff8,0x0000000704300000)
 Metaspace       used 11206K, committed 11776K, reserved 1114112K
  class space    used 978K, committed 1216K, reserved 1048576K
}
Event: 3.575 GC heap before
{Heap before GC invocations=10 (full 0):
 PSYoungGen      total 27136K, used 26984K [0x00000007aab00000, 0x00000007acb00000, 0x0000000800000000)
  eden space 23040K, 99% used [0x00000007aab00000,0x00000007ac1750a8,0x00000007ac180000)
  from space 4096K, 97% used [0x00000007ac400000,0x00000007ac7e5048,0x00000007ac800000)
  to   space 3072K, 0% used [0x00000007ac800000,0x00000007ac800000,0x00000007acb00000)
 ParOldGen       total 68608K, used 13715K [0x0000000700000000, 0x0000000704300000, 0x00000007aab00000)
  object space 68608K, 19% used [0x0000000700000000,0x0000000700d64ff8,0x0000000704300000)
 Metaspace       used 11825K, committed 12416K, reserved 1114112K
  class space    used 1030K, committed 1280K, reserved 1048576K
}
Event: 3.580 GC heap after
{Heap after GC invocations=10 (full 0):
 PSYoungGen      total 25600K, used 3070K [0x00000007aab00000, 0x00000007ace00000, 0x0000000800000000)
  eden space 22528K, 0% used [0x00000007aab00000,0x00000007aab00000,0x00000007ac100000)
  from space 3072K, 99% used [0x00000007ac800000,0x00000007acaffa90,0x00000007acb00000)
  to   space 6656K, 0% used [0x00000007ac100000,0x00000007ac100000,0x00000007ac780000)
 ParOldGen       total 68608K, used 16470K [0x0000000700000000, 0x0000000704300000, 0x00000007aab00000)
  object space 68608K, 24% used [0x0000000700000000,0x0000000701015b18,0x0000000704300000)
 Metaspace       used 11825K, committed 12416K, reserved 1114112K
  class space    used 1030K, committed 1280K, reserved 1048576K
}
Event: 3.665 GC heap before
{Heap before GC invocations=11 (full 0):
 PSYoungGen      total 25600K, used 25598K [0x00000007aab00000, 0x00000007ace00000, 0x0000000800000000)
  eden space 22528K, 100% used [0x00000007aab00000,0x00000007ac100000,0x00000007ac100000)
  from space 3072K, 99% used [0x00000007ac800000,0x00000007acaffa90,0x00000007acb00000)
  to   space 6656K, 0% used [0x00000007ac100000,0x00000007ac100000,0x00000007ac780000)
 ParOldGen       total 68608K, used 16470K [0x0000000700000000, 0x0000000704300000, 0x00000007aab00000)
  object space 68608K, 24% used [0x0000000700000000,0x0000000701015b18,0x0000000704300000)
 Metaspace       used 12125K, committed 12800K, reserved 1114112K
  class space    used 1068K, committed 1344K, reserved 1048576K
}
Event: 3.669 GC heap after
{Heap after GC invocations=11 (full 0):
 PSYoungGen      total 24576K, used 2263K [0x00000007aab00000, 0x00000007ac880000, 0x0000000800000000)
  eden space 22016K, 0% used [0x00000007aab00000,0x00000007aab00000,0x00000007ac080000)
  from space 2560K, 88% used [0x00000007ac100000,0x00000007ac335cd0,0x00000007ac380000)
  to   space 3584K, 0% used [0x00000007ac500000,0x00000007ac500000,0x00000007ac880000)
 ParOldGen       total 68608K, used 19511K [0x0000000700000000, 0x0000000704300000, 0x00000007aab00000)
  object space 68608K, 28% used [0x0000000700000000,0x000000070130ddf0,0x0000000704300000)
 Metaspace       used 12125K, committed 12800K, reserved 1114112K
  class space    used 1068K, committed 1344K, reserved 1048576K
}
Event: 3.748 GC heap before
{Heap before GC invocations=12 (full 0):
 PSYoungGen      total 24576K, used 24279K [0x00000007aab00000, 0x00000007ac880000, 0x0000000800000000)
  eden space 22016K, 100% used [0x00000007aab00000,0x00000007ac080000,0x00000007ac080000)
  from space 2560K, 88% used [0x00000007ac100000,0x00000007ac335cd0,0x00000007ac380000)
  to   space 3584K, 0% used [0x00000007ac500000,0x00000007ac500000,0x00000007ac880000)
 ParOldGen       total 68608K, used 19511K [0x0000000700000000, 0x0000000704300000, 0x00000007aab00000)
  object space 68608K, 28% used [0x0000000700000000,0x000000070130ddf0,0x0000000704300000)
 Metaspace       used 12394K, committed 13120K, reserved 1114112K
  class space    used 1100K, committed 1408K, reserved 1048576K
}
Event: 3.751 GC heap after
{Heap after GC invocations=12 (full 0):
 PSYoungGen      total 23552K, used 1296K [0x00000007aab00000, 0x00000007ac680000, 0x0000000800000000)
  eden space 22016K, 0% used [0x00000007aab00000,0x00000007aab00000,0x00000007ac080000)
  from space 1536K, 84% used [0x00000007ac500000,0x00000007ac644010,0x00000007ac680000)
  to   space 2048K, 0% used [0x00000007ac280000,0x00000007ac280000,0x00000007ac480000)
 ParOldGen       total 68608K, used 21652K [0x0000000700000000, 0x0000000704300000, 0x00000007aab00000)
  object space 68608K, 31% used [0x0000000700000000,0x00000007015253d0,0x0000000704300000)
 Metaspace       used 12394K, committed 13120K, reserved 1114112K
  class space    used 1100K, committed 1408K, reserved 1048576K
}
Event: 3.893 GC heap before
{Heap before GC invocations=13 (full 0):
 PSYoungGen      total 23552K, used 23312K [0x00000007aab00000, 0x00000007ac680000, 0x0000000800000000)
  eden space 22016K, 100% used [0x00000007aab00000,0x00000007ac080000,0x00000007ac080000)
  from space 1536K, 84% used [0x00000007ac500000,0x00000007ac644010,0x00000007ac680000)
  to   space 2048K, 0% used [0x00000007ac280000,0x00000007ac280000,0x00000007ac480000)
 ParOldGen       total 68608K, used 21652K [0x0000000700000000, 0x0000000704300000, 0x00000007aab00000)
  object space 68608K, 31% used [0x0000000700000000,0x00000007015253d0,0x0000000704300000)
 Metaspace       used 12826K, committed 13504K, reserved 1114112K
  class space    used 1125K, committed 1408K, reserved 1048576K
}
Event: 3.895 GC heap after
{Heap after GC invocations=13 (full 0):
 PSYoungGen      total 23040K, used 768K [0x00000007aab00000, 0x00000007ac580000, 0x0000000800000000)
  eden space 22016K, 0% used [0x00000007aab00000,0x00000007aab00000,0x00000007ac080000)
  from space 1024K, 75% used [0x00000007ac280000,0x00000007ac340000,0x00000007ac380000)
  to   space 1536K, 0% used [0x00000007ac400000,0x00000007ac400000,0x00000007ac580000)
 ParOldGen       total 68608K, used 22344K [0x0000000700000000, 0x0000000704300000, 0x00000007aab00000)
  object space 68608K, 32% used [0x0000000700000000,0x00000007015d23f0,0x0000000704300000)
 Metaspace       used 12826K, committed 13504K, reserved 1114112K
  class space    used 1125K, committed 1408K, reserved 1048576K
}
Event: 4.004 GC heap before
{Heap before GC invocations=14 (full 0):
 PSYoungGen      total 23040K, used 22784K [0x00000007aab00000, 0x00000007ac580000, 0x0000000800000000)
  eden space 22016K, 100% used [0x00000007aab00000,0x00000007ac080000,0x00000007ac080000)
  from space 1024K, 75% used [0x00000007ac280000,0x00000007ac340000,0x00000007ac380000)
  to   space 1536K, 0% used [0x00000007ac400000,0x00000007ac400000,0x00000007ac580000)
 ParOldGen       total 68608K, used 22344K [0x0000000700000000, 0x0000000704300000, 0x00000007aab00000)
  object space 68608K, 32% used [0x0000000700000000,0x00000007015d23f0,0x0000000704300000)
 Metaspace       used 13183K, committed 13888K, reserved 1114112K
  class space    used 1144K, committed 1408K, reserved 1048576K
}
Event: 4.007 GC heap after
{Heap after GC invocations=14 (full 0):
 PSYoungGen      total 23040K, used 704K [0x00000007aab00000, 0x00000007ac500000, 0x0000000800000000)
  eden space 22016K, 0% used [0x00000007aab00000,0x00000007aab00000,0x00000007ac080000)
  from space 1024K, 68% used [0x00000007ac400000,0x00000007ac4b0000,0x00000007ac500000)
  to   space 1024K, 0% used [0x00000007ac280000,0x00000007ac280000,0x00000007ac380000)
 ParOldGen       total 68608K, used 22968K [0x0000000700000000, 0x0000000704300000, 0x00000007aab00000)
  object space 68608K, 33% used [0x0000000700000000,0x000000070166e3f0,0x0000000704300000)
 Metaspace       used 13183K, committed 13888K, reserved 1114112K
  class space    used 1144K, committed 1408K, reserved 1048576K
}
Event: 4.220 GC heap before
{Heap before GC invocations=15 (full 0):
 PSYoungGen      total 23040K, used 22720K [0x00000007aab00000, 0x00000007ac500000, 0x0000000800000000)
  eden space 22016K, 100% used [0x00000007aab00000,0x00000007ac080000,0x00000007ac080000)
  from space 1024K, 68% used [0x00000007ac400000,0x00000007ac4b0000,0x00000007ac500000)
  to   space 1024K, 0% used [0x00000007ac280000,0x00000007ac280000,0x00000007ac380000)
 ParOldGen       total 68608K, used 22968K [0x0000000700000000, 0x0000000704300000, 0x00000007aab00000)
  object space 68608K, 33% used [0x0000000700000000,0x000000070166e3f0,0x0000000704300000)
 Metaspace       used 13554K, committed 14272K, reserved 1114112K
  class space    used 1174K, committed 1472K, reserved 1048576K
}
Event: 4.224 GC heap after
{Heap after GC invocations=15 (full 0):
 PSYoungGen      total 23040K, used 1024K [0x00000007aab00000, 0x00000007ac480000, 0x0000000800000000)
  eden space 22016K, 0% used [0x00000007aab00000,0x00000007aab00000,0x00000007ac080000)
  from space 1024K, 100% used [0x00000007ac280000,0x00000007ac380000,0x00000007ac380000)
  to   space 1024K, 0% used [0x00000007ac380000,0x00000007ac380000,0x00000007ac480000)
 ParOldGen       total 68608K, used 23760K [0x0000000700000000, 0x0000000704300000, 0x00000007aab00000)
  object space 68608K, 34% used [0x0000000700000000,0x00000007017340f0,0x0000000704300000)
 Metaspace       used 13554K, committed 14272K, reserved 1114112K
  class space    used 1174K, committed 1472K, reserved 1048576K
}
Event: 4.424 GC heap before
{Heap before GC invocations=16 (full 0):
 PSYoungGen      total 23040K, used 23040K [0x00000007aab00000, 0x00000007ac480000, 0x0000000800000000)
  eden space 22016K, 100% used [0x00000007aab00000,0x00000007ac080000,0x00000007ac080000)
  from space 1024K, 100% used [0x00000007ac280000,0x00000007ac380000,0x00000007ac380000)
  to   space 1024K, 0% used [0x00000007ac380000,0x00000007ac380000,0x00000007ac480000)
 ParOldGen       total 68608K, used 23760K [0x0000000700000000, 0x0000000704300000, 0x00000007aab00000)
  object space 68608K, 34% used [0x0000000700000000,0x00000007017340f0,0x0000000704300000)
 Metaspace       used 14630K, committed 15296K, reserved 1114112K
  class space    used 1317K, committed 1600K, reserved 1048576K
}
Event: 4.426 GC heap after
{Heap after GC invocations=16 (full 0):
 PSYoungGen      total 23040K, used 1024K [0x00000007aab00000, 0x00000007ac580000, 0x0000000800000000)
  eden space 22016K, 0% used [0x00000007aab00000,0x00000007aab00000,0x00000007ac080000)
  from space 1024K, 100% used [0x00000007ac380000,0x00000007ac480000,0x00000007ac480000)
  to   space 2560K, 0% used [0x00000007ac080000,0x00000007ac080000,0x00000007ac300000)
 ParOldGen       total 68608K, used 24952K [0x0000000700000000, 0x0000000704300000, 0x00000007aab00000)
  object space 68608K, 36% used [0x0000000700000000,0x000000070185e330,0x0000000704300000)
 Metaspace       used 14630K, committed 15296K, reserved 1114112K
  class space    used 1317K, committed 1600K, reserved 1048576K
}
Event: 4.619 GC heap before
{Heap before GC invocations=17 (full 0):
 PSYoungGen      total 23040K, used 23040K [0x00000007aab00000, 0x00000007ac580000, 0x0000000800000000)
  eden space 22016K, 100% used [0x00000007aab00000,0x00000007ac080000,0x00000007ac080000)
  from space 1024K, 100% used [0x00000007ac380000,0x00000007ac480000,0x00000007ac480000)
  to   space 2560K, 0% used [0x00000007ac080000,0x00000007ac080000,0x00000007ac300000)
 ParOldGen       total 68608K, used 24952K [0x0000000700000000, 0x0000000704300000, 0x00000007aab00000)
  object space 68608K, 36% used [0x0000000700000000,0x000000070185e330,0x0000000704300000)
 Metaspace       used 15147K, committed 15872K, reserved 1114112K
  class space    used 1363K, committed 1664K, reserved 1048576K
}
Event: 4.623 GC heap after
{Heap after GC invocations=17 (full 0):
 PSYoungGen      total 23040K, used 688K [0x00000007aab00000, 0x00000007ac400000, 0x0000000800000000)
  eden space 22016K, 0% used [0x00000007aab00000,0x00000007aab00000,0x00000007ac080000)
  from space 1024K, 67% used [0x00000007ac080000,0x00000007ac12c010,0x00000007ac180000)
  to   space 1536K, 0% used [0x00000007ac280000,0x00000007ac280000,0x00000007ac400000)
 ParOldGen       total 68608K, used 25944K [0x0000000700000000, 0x0000000704300000, 0x00000007aab00000)
  object space 68608K, 37% used [0x0000000700000000,0x00000007019561f8,0x0000000704300000)
 Metaspace       used 15147K, committed 15872K, reserved 1114112K
  class space    used 1363K, committed 1664K, reserved 1048576K
}
Event: 4.728 GC heap before
{Heap before GC invocations=18 (full 0):
 PSYoungGen      total 23040K, used 22704K [0x00000007aab00000, 0x00000007ac400000, 0x0000000800000000)
  eden space 22016K, 100% used [0x00000007aab00000,0x00000007ac080000,0x00000007ac080000)
  from space 1024K, 67% used [0x00000007ac080000,0x00000007ac12c010,0x00000007ac180000)
  to   space 1536K, 0% used [0x00000007ac280000,0x00000007ac280000,0x00000007ac400000)
 ParOldGen       total 68608K, used 25944K [0x0000000700000000, 0x0000000704300000, 0x00000007aab00000)
  object space 68608K, 37% used [0x0000000700000000,0x00000007019561f8,0x0000000704300000)
 Metaspace       used 15158K, committed 15872K, reserved 1114112K
  class space    used 1363K, committed 1664K, reserved 1048576K
}
Event: 4.731 GC heap after
{Heap after GC invocations=18 (full 0):
 PSYoungGen      total 22528K, used 64K [0x00000007aab00000, 0x00000007ac300000, 0x0000000800000000)
  eden space 22016K, 0% used [0x00000007aab00000,0x00000007aab00000,0x00000007ac080000)
  from space 512K, 12% used [0x00000007ac280000,0x00000007ac290000,0x00000007ac300000)
  to   space 512K, 0% used [0x00000007ac200000,0x00000007ac200000,0x00000007ac280000)
 ParOldGen       total 68608K, used 26550K [0x0000000700000000, 0x0000000704300000, 0x00000007aab00000)
  object space 68608K, 38% used [0x0000000700000000,0x00000007019eda00,0x0000000704300000)
 Metaspace       used 15158K, committed 15872K, reserved 1114112K
  class space    used 1363K, committed 1664K, reserved 1048576K
}

